<?xml version="1.0" encoding="UTF-8"?>
<!-- Generated by org.testng.reporters.JUnitReportReporter -->
<testsuite hostname="LAPTOP-L5359K8M" failures="0" tests="3" name="com.pvs.security.testcases.LoginTests" time="2.173" errors="0" timestamp="2025-01-13T10:39:19 IST" skipped="3">
  <testcase classname="com.pvs.security.testcases.LoginTests" name="login" time="0.738">
    <skipped/>
  </testcase> <!-- login -->
  <system-out/>
  <testcase classname="com.pvs.security.testcases.LoginTests" name="login" time="0.731">
    <skipped/>
  </testcase> <!-- login -->
  <system-out/>
  <testcase classname="com.pvs.security.testcases.LoginTests" name="login" time="0.704">
    <skipped/>
  </testcase> <!-- login -->
  <system-out/>
</testsuite> <!-- com.pvs.security.testcases.LoginTests -->
