<?xml version="1.0" encoding="UTF-8"?>
<!-- Generated by org.testng.reporters.JUnitReportReporter -->
<testsuite hostname="LAPTOP-L5359K8M" failures="0" tests="1" name="com.pvs.admin.status.testcases.StatusTest" time="1.599" errors="0" timestamp="2025-01-21T21:06:59 IST" skipped="0">
  <testcase classname="com.pvs.admin.status.testcases.StatusTest" name="editStatus" time="1.599"/>
  <system-out/>
</testsuite> <!-- com.pvs.admin.status.testcases.StatusTest -->
