<?xml version="1.0" encoding="UTF-8"?>
<!-- Generated by org.testng.reporters.JUnitReportReporter -->
<testsuite hostname="LAPTOP-L5359K8M" failures="0" tests="2" name="com.pvs.admin.status.testcases.ssssTest" time="2.970" errors="0" timestamp="2025-01-08T00:12:38 IST" skipped="0">
  <testcase classname="com.pvs.admin.status.testcases.ssssTest" name="sample" time="1.561"/>
  <system-out/>
  <testcase classname="com.pvs.admin.status.testcases.ssssTest" name="sample" time="1.409"/>
  <system-out/>
</testsuite> <!-- com.pvs.admin.status.testcases.ssssTest -->
