<?xml version="1.0" encoding="UTF-8"?>
<!-- Generated by org.testng.reporters.JUnitReportReporter -->
<testsuite hostname="LAPTOP-L5359K8M" failures="0" tests="1" name="com.pvs.admin.ctype.testcases.ContactTypeTest" time="31.332" errors="0" timestamp="2025-01-21T21:14:25 IST" skipped="0">
  <testcase classname="com.pvs.admin.ctype.testcases.ContactTypeTest" name="addCtype" time="31.332"/>
  <system-out/>
</testsuite> <!-- com.pvs.admin.ctype.testcases.ContactTypeTest -->
